<?xml version="1.0" encoding="UTF-8"?>
<robot generator="Robot 4.0.1 (Python 3.9.4 on win32)" generated="20210426 20:32:45.153" rpa="false" schemaversion="2">
<suite id="s1" name="MEB Testing" source="C:\Users\GarRem\Desktop\Svv project\MEB_Testing.robot">
<test id="s1-t1" name="TC1 ทดสอบการค้นหาในชั้นหนังสือ Test To pass">
<kw name="Open MEB" type="SETUP">
<kw name="Open Browser" library="SeleniumLibrary">
<arg>https://www.mebmarket.com</arg>
<arg>chrome</arg>
<doc>Opens a new browser instance to the optional ``url``.</doc>
<msg timestamp="20210426 20:32:45.338" level="INFO">Opening browser 'chrome' to base url 'https://www.mebmarket.com'.</msg>
<status status="PASS" starttime="20210426 20:32:45.338" endtime="20210426 20:32:48.097"/>
</kw>
<status status="PASS" starttime="20210426 20:32:45.338" endtime="20210426 20:32:48.097"/>
</kw>
<kw name="Search Shelf on MEB">
<arg>Jujutsu kaisen</arg>
<arg>มหาเวทย์ผนึกมาร เล่ม 08</arg>
<kw name="Maximize Browser Window" library="SeleniumLibrary">
<doc>Maximizes current browser window.</doc>
<status status="PASS" starttime="20210426 20:32:48.098" endtime="20210426 20:32:48.233"/>
</kw>
<kw name="Click Element" library="SeleniumLibrary">
<arg>//*[@id="top_bar_left"]/div/div</arg>
<doc>Click the element identified by ``locator``.</doc>
<msg timestamp="20210426 20:32:48.233" level="INFO">Clicking element '//*[@id="top_bar_left"]/div/div'.</msg>
<status status="PASS" starttime="20210426 20:32:48.233" endtime="20210426 20:32:48.296"/>
</kw>
<kw name="Wait Until Element Is Visible" library="SeleniumLibrary">
<arg>//*[@id="modal_login"]/div/div/div[2]/fieldset/div[2]/button</arg>
<arg>10</arg>
<doc>Waits until the element ``locator`` is visible.</doc>
<status status="PASS" starttime="20210426 20:32:48.296" endtime="20210426 20:32:48.553"/>
</kw>
<kw name="Input Text" library="SeleniumLibrary">
<arg>username</arg>
<arg>gamemaipak</arg>
<doc>Types the given ``text`` into the text field identified by ``locator``.</doc>
<msg timestamp="20210426 20:32:48.554" level="INFO">Typing text 'gamemaipak' into text field 'username'.</msg>
<status status="PASS" starttime="20210426 20:32:48.553" endtime="20210426 20:32:48.635"/>
</kw>
<kw name="Input Password" library="SeleniumLibrary">
<arg>password</arg>
<arg>Game9794</arg>
<doc>Types the given password into the text field identified by ``locator``.</doc>
<msg timestamp="20210426 20:32:48.635" level="INFO">Typing password into text field 'password'.</msg>
<msg timestamp="20210426 20:32:48.671" level="INFO">Temporally setting log level to: NONE</msg>
<msg timestamp="20210426 20:32:48.708" level="INFO">Log level changed from NONE to INFO.</msg>
<status status="PASS" starttime="20210426 20:32:48.635" endtime="20210426 20:32:48.708"/>
</kw>
<kw name="Click Button" library="SeleniumLibrary">
<arg>//*[@id="btn-login"]</arg>
<doc>Clicks the button identified by ``locator``.</doc>
<msg timestamp="20210426 20:32:48.709" level="INFO">Clicking button '//*[@id="btn-login"]'.</msg>
<status status="PASS" starttime="20210426 20:32:48.709" endtime="20210426 20:32:48.769"/>
</kw>
<kw name="Sleep" library="BuiltIn">
<arg>1s</arg>
<doc>Pauses the test executed for the given time.</doc>
<msg timestamp="20210426 20:32:49.778" level="INFO">Slept 1 second</msg>
<status status="PASS" starttime="20210426 20:32:48.770" endtime="20210426 20:32:49.778"/>
</kw>
<kw name="Click Image" library="SeleniumLibrary">
<arg>//*[@id="dropdown_menu_user"]/div/img</arg>
<doc>Clicks an image identified by ``locator``.</doc>
<msg timestamp="20210426 20:32:49.778" level="INFO">Clicking image '//*[@id="dropdown_menu_user"]/div/img'.</msg>
<status status="PASS" starttime="20210426 20:32:49.778" endtime="20210426 20:32:49.897"/>
</kw>
<kw name="Sleep" library="BuiltIn">
<arg>1s</arg>
<doc>Pauses the test executed for the given time.</doc>
<msg timestamp="20210426 20:32:50.903" level="INFO">Slept 1 second</msg>
<status status="PASS" starttime="20210426 20:32:49.897" endtime="20210426 20:32:50.903"/>
</kw>
<kw name="Click Link" library="SeleniumLibrary">
<arg>//*[@id="dropdown_menu_user_list"]/ul/li[13]/div[2]/a[7]</arg>
<doc>Clicks a link identified by ``locator``.</doc>
<msg timestamp="20210426 20:32:50.903" level="INFO">Clicking link '//*[@id="dropdown_menu_user_list"]/ul/li[13]/div[2]/a[7]'.</msg>
<status status="PASS" starttime="20210426 20:32:50.903" endtime="20210426 20:32:51.185"/>
</kw>
<kw name="Input Text" library="SeleniumLibrary">
<arg>text_search</arg>
<arg>${Input_text}</arg>
<doc>Types the given ``text`` into the text field identified by ``locator``.</doc>
<msg timestamp="20210426 20:32:51.185" level="INFO">Typing text 'Jujutsu kaisen' into text field 'text_search'.</msg>
<status status="PASS" starttime="20210426 20:32:51.185" endtime="20210426 20:32:51.280"/>
</kw>
<kw name="Press Keys" library="SeleniumLibrary">
<arg>text_search</arg>
<arg>RETURN</arg>
<doc>Simulates the user pressing key(s) to an element or on the active browser.</doc>
<msg timestamp="20210426 20:32:51.281" level="INFO">Sending key(s) ('RETURN',) to text_search element.</msg>
<msg timestamp="20210426 20:32:51.562" level="INFO">Pressing special key RETURN to element.</msg>
<msg timestamp="20210426 20:32:51.562" level="INFO">Releasing special key RETURN.</msg>
<status status="PASS" starttime="20210426 20:32:51.280" endtime="20210426 20:32:51.571"/>
</kw>
<kw name="Wait Until Page Contains" library="SeleniumLibrary">
<arg>${result_text}</arg>
<doc>Waits until ``text`` appears on the current page.</doc>
<status status="PASS" starttime="20210426 20:32:51.571" endtime="20210426 20:32:51.804"/>
</kw>
<kw name="Page Should Contain" library="SeleniumLibrary">
<arg>${result_text}</arg>
<doc>Verifies that current page contains ``text``.</doc>
<msg timestamp="20210426 20:32:51.812" level="INFO">Current page contains text 'มหาเวทย์ผนึกมาร เล่ม 08'.</msg>
<status status="PASS" starttime="20210426 20:32:51.804" endtime="20210426 20:32:51.812"/>
</kw>
<kw name="Clear Element Text" library="SeleniumLibrary">
<arg>text_search</arg>
<doc>Clears the value of the text-input-element identified by ``locator``.</doc>
<status status="PASS" starttime="20210426 20:32:51.812" endtime="20210426 20:32:51.835"/>
</kw>
<status status="PASS" starttime="20210426 20:32:48.098" endtime="20210426 20:32:51.835"/>
</kw>
<kw name="Close Browser" library="SeleniumLibrary" type="TEARDOWN">
<doc>Closes the current browser.</doc>
<status status="PASS" starttime="20210426 20:32:51.836" endtime="20210426 20:32:54.003"/>
</kw>
<status status="PASS" starttime="20210426 20:32:45.336" endtime="20210426 20:32:54.004"/>
</test>
<status status="PASS" starttime="20210426 20:32:45.154" endtime="20210426 20:32:54.007"/>
</suite>
<statistics>
<total>
<stat pass="1" fail="0" skip="0">All Tests</stat>
</total>
<tag>
</tag>
<suite>
<stat pass="1" fail="0" skip="0" id="s1" name="MEB Testing">MEB Testing</stat>
</suite>
</statistics>
<errors>
</errors>
</robot>
