<?xml version="1.0" encoding="UTF-8"?>
<robot generator="Robot 4.0.1 (Python 3.9.4 on win32)" generated="20210503 16:50:43.820" rpa="false" schemaversion="2">
<suite id="s1" name="MEB Testing" source="C:\Users\GarRem\Desktop\SVVProject\shelf\MEB_Testing.robot">
<test id="s1-t1" name="TC1 ทดสอบการค้นหาในชั้นหนังสือ Test To Pass">
<kw name="Open MEB" type="SETUP">
<kw name="Open Browser" library="SeleniumLibrary">
<arg>https://www.mebmarket.com</arg>
<arg>chrome</arg>
<doc>Opens a new browser instance to the optional ``url``.</doc>
<msg timestamp="20210503 16:50:44.026" level="INFO">Opening browser 'chrome' to base url 'https://www.mebmarket.com'.</msg>
<status status="PASS" starttime="20210503 16:50:44.026" endtime="20210503 16:50:46.499"/>
</kw>
<status status="PASS" starttime="20210503 16:50:44.025" endtime="20210503 16:50:46.500"/>
</kw>
<kw name="Search Shelf on MEB">
<arg>Jujutsu kaisen</arg>
<arg>มหาเวทย์ผนึกมาร เล่ม 08</arg>
<kw name="Maximize Browser Window" library="SeleniumLibrary">
<doc>Maximizes current browser window.</doc>
<status status="PASS" starttime="20210503 16:50:46.501" endtime="20210503 16:50:46.642"/>
</kw>
<kw name="Click Element" library="SeleniumLibrary">
<arg>//*[@id="top_bar_left"]/div/div</arg>
<doc>Click the element identified by ``locator``.</doc>
<msg timestamp="20210503 16:50:46.643" level="INFO">Clicking element '//*[@id="top_bar_left"]/div/div'.</msg>
<status status="PASS" starttime="20210503 16:50:46.643" endtime="20210503 16:50:46.693"/>
</kw>
<kw name="Wait Until Element Is Visible" library="SeleniumLibrary">
<arg>//*[@id="modal_login"]/div/div/div[2]/fieldset/div[2]/button</arg>
<arg>10</arg>
<doc>Waits until the element ``locator`` is visible.</doc>
<status status="PASS" starttime="20210503 16:50:46.694" endtime="20210503 16:50:46.939"/>
</kw>
<kw name="Input Text" library="SeleniumLibrary">
<arg>username</arg>
<arg>gamemaipak</arg>
<doc>Types the given ``text`` into the text field identified by ``locator``.</doc>
<msg timestamp="20210503 16:50:46.939" level="INFO">Typing text 'gamemaipak' into text field 'username'.</msg>
<status status="PASS" starttime="20210503 16:50:46.939" endtime="20210503 16:50:47.041"/>
</kw>
<kw name="Input Password" library="SeleniumLibrary">
<arg>password</arg>
<arg>Game9794</arg>
<doc>Types the given password into the text field identified by ``locator``.</doc>
<msg timestamp="20210503 16:50:47.041" level="INFO">Typing password into text field 'password'.</msg>
<msg timestamp="20210503 16:50:47.079" level="INFO">Temporally setting log level to: NONE</msg>
<msg timestamp="20210503 16:50:47.132" level="INFO">Log level changed from NONE to INFO.</msg>
<status status="PASS" starttime="20210503 16:50:47.041" endtime="20210503 16:50:47.132"/>
</kw>
<kw name="Click Button" library="SeleniumLibrary">
<arg>//*[@id="btn-login"]</arg>
<doc>Clicks the button identified by ``locator``.</doc>
<msg timestamp="20210503 16:50:47.132" level="INFO">Clicking button '//*[@id="btn-login"]'.</msg>
<status status="PASS" starttime="20210503 16:50:47.132" endtime="20210503 16:50:47.193"/>
</kw>
<kw name="Sleep" library="BuiltIn">
<arg>1s</arg>
<doc>Pauses the test executed for the given time.</doc>
<msg timestamp="20210503 16:50:48.205" level="INFO">Slept 1 second</msg>
<status status="PASS" starttime="20210503 16:50:47.193" endtime="20210503 16:50:48.205"/>
</kw>
<kw name="Click Image" library="SeleniumLibrary">
<arg>//*[@id="dropdown_menu_user"]/div/img</arg>
<doc>Clicks an image identified by ``locator``.</doc>
<msg timestamp="20210503 16:50:48.205" level="INFO">Clicking image '//*[@id="dropdown_menu_user"]/div/img'.</msg>
<status status="PASS" starttime="20210503 16:50:48.205" endtime="20210503 16:50:48.301"/>
</kw>
<kw name="Sleep" library="BuiltIn">
<arg>1s</arg>
<doc>Pauses the test executed for the given time.</doc>
<msg timestamp="20210503 16:50:49.310" level="INFO">Slept 1 second</msg>
<status status="PASS" starttime="20210503 16:50:48.301" endtime="20210503 16:50:49.310"/>
</kw>
<kw name="Click Link" library="SeleniumLibrary">
<arg>//*[@id="dropdown_menu_user_list"]/ul/li[13]/div[2]/a[7]</arg>
<doc>Clicks a link identified by ``locator``.</doc>
<msg timestamp="20210503 16:50:49.310" level="INFO">Clicking link '//*[@id="dropdown_menu_user_list"]/ul/li[13]/div[2]/a[7]'.</msg>
<status status="PASS" starttime="20210503 16:50:49.310" endtime="20210503 16:50:49.642"/>
</kw>
<kw name="Input Text" library="SeleniumLibrary">
<arg>text_search</arg>
<arg>${Input_text}</arg>
<doc>Types the given ``text`` into the text field identified by ``locator``.</doc>
<msg timestamp="20210503 16:50:49.643" level="INFO">Typing text 'Jujutsu kaisen' into text field 'text_search'.</msg>
<status status="PASS" starttime="20210503 16:50:49.642" endtime="20210503 16:50:49.749"/>
</kw>
<kw name="Press Keys" library="SeleniumLibrary">
<arg>text_search</arg>
<arg>RETURN</arg>
<doc>Simulates the user pressing key(s) to an element or on the active browser.</doc>
<msg timestamp="20210503 16:50:49.749" level="INFO">Sending key(s) ('RETURN',) to text_search element.</msg>
<msg timestamp="20210503 16:50:50.030" level="INFO">Pressing special key RETURN to element.</msg>
<msg timestamp="20210503 16:50:50.030" level="INFO">Releasing special key RETURN.</msg>
<status status="PASS" starttime="20210503 16:50:49.749" endtime="20210503 16:50:50.042"/>
</kw>
<kw name="Wait Until Page Contains" library="SeleniumLibrary">
<arg>${result_text}</arg>
<doc>Waits until ``text`` appears on the current page.</doc>
<status status="PASS" starttime="20210503 16:50:50.043" endtime="20210503 16:50:50.275"/>
</kw>
<kw name="Page Should Contain" library="SeleniumLibrary">
<arg>${result_text}</arg>
<doc>Verifies that current page contains ``text``.</doc>
<msg timestamp="20210503 16:50:50.288" level="INFO">Current page contains text 'มหาเวทย์ผนึกมาร เล่ม 08'.</msg>
<status status="PASS" starttime="20210503 16:50:50.276" endtime="20210503 16:50:50.288"/>
</kw>
<kw name="Clear Element Text" library="SeleniumLibrary">
<arg>text_search</arg>
<doc>Clears the value of the text-input-element identified by ``locator``.</doc>
<status status="PASS" starttime="20210503 16:50:50.288" endtime="20210503 16:50:50.309"/>
</kw>
<status status="PASS" starttime="20210503 16:50:46.500" endtime="20210503 16:50:50.310"/>
</kw>
<kw name="Close Browser" library="SeleniumLibrary" type="TEARDOWN">
<doc>Closes the current browser.</doc>
<status status="PASS" starttime="20210503 16:50:50.310" endtime="20210503 16:50:52.505"/>
</kw>
<status status="PASS" starttime="20210503 16:50:44.024" endtime="20210503 16:50:52.505"/>
</test>
<test id="s1-t2" name="TC2 Check See all list after Search Test To Pass">
<kw name="Open MEB" type="SETUP">
<kw name="Open Browser" library="SeleniumLibrary">
<arg>https://www.mebmarket.com</arg>
<arg>chrome</arg>
<doc>Opens a new browser instance to the optional ``url``.</doc>
<msg timestamp="20210503 16:50:52.508" level="INFO">Opening browser 'chrome' to base url 'https://www.mebmarket.com'.</msg>
<status status="PASS" starttime="20210503 16:50:52.508" endtime="20210503 16:50:55.243"/>
</kw>
<status status="PASS" starttime="20210503 16:50:52.507" endtime="20210503 16:50:55.243"/>
</kw>
<kw name="Search Shelf on MEB">
<arg>Jujutsu kaisen</arg>
<arg>มหาเวทย์ผนึกมาร เล่ม 08</arg>
<kw name="Maximize Browser Window" library="SeleniumLibrary">
<doc>Maximizes current browser window.</doc>
<status status="PASS" starttime="20210503 16:50:55.244" endtime="20210503 16:50:55.384"/>
</kw>
<kw name="Click Element" library="SeleniumLibrary">
<arg>//*[@id="top_bar_left"]/div/div</arg>
<doc>Click the element identified by ``locator``.</doc>
<msg timestamp="20210503 16:50:55.384" level="INFO">Clicking element '//*[@id="top_bar_left"]/div/div'.</msg>
<status status="PASS" starttime="20210503 16:50:55.384" endtime="20210503 16:50:55.438"/>
</kw>
<kw name="Wait Until Element Is Visible" library="SeleniumLibrary">
<arg>//*[@id="modal_login"]/div/div/div[2]/fieldset/div[2]/button</arg>
<arg>10</arg>
<doc>Waits until the element ``locator`` is visible.</doc>
<status status="PASS" starttime="20210503 16:50:55.438" endtime="20210503 16:50:55.695"/>
</kw>
<kw name="Input Text" library="SeleniumLibrary">
<arg>username</arg>
<arg>gamemaipak</arg>
<doc>Types the given ``text`` into the text field identified by ``locator``.</doc>
<msg timestamp="20210503 16:50:55.695" level="INFO">Typing text 'gamemaipak' into text field 'username'.</msg>
<status status="PASS" starttime="20210503 16:50:55.695" endtime="20210503 16:50:55.789"/>
</kw>
<kw name="Input Password" library="SeleniumLibrary">
<arg>password</arg>
<arg>Game9794</arg>
<doc>Types the given password into the text field identified by ``locator``.</doc>
<msg timestamp="20210503 16:50:55.789" level="INFO">Typing password into text field 'password'.</msg>
<msg timestamp="20210503 16:50:55.823" level="INFO">Temporally setting log level to: NONE</msg>
<msg timestamp="20210503 16:50:55.868" level="INFO">Log level changed from NONE to INFO.</msg>
<status status="PASS" starttime="20210503 16:50:55.789" endtime="20210503 16:50:55.868"/>
</kw>
<kw name="Click Button" library="SeleniumLibrary">
<arg>//*[@id="btn-login"]</arg>
<doc>Clicks the button identified by ``locator``.</doc>
<msg timestamp="20210503 16:50:55.868" level="INFO">Clicking button '//*[@id="btn-login"]'.</msg>
<status status="PASS" starttime="20210503 16:50:55.868" endtime="20210503 16:50:55.931"/>
</kw>
<kw name="Sleep" library="BuiltIn">
<arg>1s</arg>
<doc>Pauses the test executed for the given time.</doc>
<msg timestamp="20210503 16:50:56.936" level="INFO">Slept 1 second</msg>
<status status="PASS" starttime="20210503 16:50:55.931" endtime="20210503 16:50:56.936"/>
</kw>
<kw name="Click Image" library="SeleniumLibrary">
<arg>//*[@id="dropdown_menu_user"]/div/img</arg>
<doc>Clicks an image identified by ``locator``.</doc>
<msg timestamp="20210503 16:50:56.936" level="INFO">Clicking image '//*[@id="dropdown_menu_user"]/div/img'.</msg>
<status status="PASS" starttime="20210503 16:50:56.936" endtime="20210503 16:50:57.030"/>
</kw>
<kw name="Sleep" library="BuiltIn">
<arg>1s</arg>
<doc>Pauses the test executed for the given time.</doc>
<msg timestamp="20210503 16:50:58.038" level="INFO">Slept 1 second</msg>
<status status="PASS" starttime="20210503 16:50:57.030" endtime="20210503 16:50:58.038"/>
</kw>
<kw name="Click Link" library="SeleniumLibrary">
<arg>//*[@id="dropdown_menu_user_list"]/ul/li[13]/div[2]/a[7]</arg>
<doc>Clicks a link identified by ``locator``.</doc>
<msg timestamp="20210503 16:50:58.038" level="INFO">Clicking link '//*[@id="dropdown_menu_user_list"]/ul/li[13]/div[2]/a[7]'.</msg>
<status status="PASS" starttime="20210503 16:50:58.038" endtime="20210503 16:50:58.324"/>
</kw>
<kw name="Input Text" library="SeleniumLibrary">
<arg>text_search</arg>
<arg>${Input_text}</arg>
<doc>Types the given ``text`` into the text field identified by ``locator``.</doc>
<msg timestamp="20210503 16:50:58.325" level="INFO">Typing text 'Jujutsu kaisen' into text field 'text_search'.</msg>
<status status="PASS" starttime="20210503 16:50:58.324" endtime="20210503 16:50:58.422"/>
</kw>
<kw name="Press Keys" library="SeleniumLibrary">
<arg>text_search</arg>
<arg>RETURN</arg>
<doc>Simulates the user pressing key(s) to an element or on the active browser.</doc>
<msg timestamp="20210503 16:50:58.423" level="INFO">Sending key(s) ('RETURN',) to text_search element.</msg>
<msg timestamp="20210503 16:50:58.700" level="INFO">Pressing special key RETURN to element.</msg>
<msg timestamp="20210503 16:50:58.700" level="INFO">Releasing special key RETURN.</msg>
<status status="PASS" starttime="20210503 16:50:58.422" endtime="20210503 16:50:58.709"/>
</kw>
<kw name="Wait Until Page Contains" library="SeleniumLibrary">
<arg>${result_text}</arg>
<doc>Waits until ``text`` appears on the current page.</doc>
<status status="PASS" starttime="20210503 16:50:58.709" endtime="20210503 16:50:58.933"/>
</kw>
<kw name="Page Should Contain" library="SeleniumLibrary">
<arg>${result_text}</arg>
<doc>Verifies that current page contains ``text``.</doc>
<msg timestamp="20210503 16:50:58.942" level="INFO">Current page contains text 'มหาเวทย์ผนึกมาร เล่ม 08'.</msg>
<status status="PASS" starttime="20210503 16:50:58.933" endtime="20210503 16:50:58.942"/>
</kw>
<kw name="Clear Element Text" library="SeleniumLibrary">
<arg>text_search</arg>
<doc>Clears the value of the text-input-element identified by ``locator``.</doc>
<status status="PASS" starttime="20210503 16:50:58.942" endtime="20210503 16:50:58.963"/>
</kw>
<status status="PASS" starttime="20210503 16:50:55.244" endtime="20210503 16:50:58.963"/>
</kw>
<kw name="Click Link" library="SeleniumLibrary">
<arg>//*[@id="container"]/div[1]/div/ul/li[1]/a</arg>
<doc>Clicks a link identified by ``locator``.</doc>
<msg timestamp="20210503 16:50:58.964" level="INFO">Clicking link '//*[@id="container"]/div[1]/div/ul/li[1]/a'.</msg>
<status status="PASS" starttime="20210503 16:50:58.963" endtime="20210503 16:50:59.004"/>
</kw>
<kw name="Page Should Contain" library="SeleniumLibrary">
<arg>slime</arg>
<doc>Verifies that current page contains ``text``.</doc>
<kw name="Capture Page Screenshot" library="SeleniumLibrary">
<doc>Takes a screenshot of the current page and embeds it into a log file.</doc>
<msg timestamp="20210503 16:50:59.166" level="INFO" html="true">&lt;/td&gt;&lt;/tr&gt;&lt;tr&gt;&lt;td colspan="3"&gt;&lt;a href="selenium-screenshot-10.png"&gt;&lt;img src="selenium-screenshot-10.png" width="800px"&gt;&lt;/a&gt;</msg>
<status status="PASS" starttime="20210503 16:50:59.052" endtime="20210503 16:50:59.166"/>
</kw>
<msg timestamp="20210503 16:50:59.167" level="FAIL">Page should have contained text 'slime' but did not.</msg>
<status status="FAIL" starttime="20210503 16:50:59.004" endtime="20210503 16:50:59.167"/>
</kw>
<kw name="Close Browser" library="SeleniumLibrary" type="TEARDOWN">
<doc>Closes the current browser.</doc>
<status status="PASS" starttime="20210503 16:50:59.168" endtime="20210503 16:51:01.300"/>
</kw>
<status status="FAIL" starttime="20210503 16:50:52.507" endtime="20210503 16:51:01.301">Page should have contained text 'slime' but did not.</status>
</test>
<test id="s1-t3" name="TC3 Check rating at shelf Test To Fail">
<kw name="Open MEB" type="SETUP">
<kw name="Open Browser" library="SeleniumLibrary">
<arg>https://www.mebmarket.com</arg>
<arg>chrome</arg>
<doc>Opens a new browser instance to the optional ``url``.</doc>
<msg timestamp="20210503 16:51:01.303" level="INFO">Opening browser 'chrome' to base url 'https://www.mebmarket.com'.</msg>
<status status="PASS" starttime="20210503 16:51:01.303" endtime="20210503 16:51:04.624"/>
</kw>
<status status="PASS" starttime="20210503 16:51:01.303" endtime="20210503 16:51:04.624"/>
</kw>
<kw name="Maximize Browser Window" library="SeleniumLibrary">
<doc>Maximizes current browser window.</doc>
<status status="PASS" starttime="20210503 16:51:04.625" endtime="20210503 16:51:04.748"/>
</kw>
<kw name="Click Element" library="SeleniumLibrary">
<arg>//*[@id="top_bar_left"]/div/div</arg>
<doc>Click the element identified by ``locator``.</doc>
<msg timestamp="20210503 16:51:04.749" level="INFO">Clicking element '//*[@id="top_bar_left"]/div/div'.</msg>
<status status="PASS" starttime="20210503 16:51:04.748" endtime="20210503 16:51:04.804"/>
</kw>
<kw name="Wait Until Element Is Visible" library="SeleniumLibrary">
<arg>//*[@id="modal_login"]/div/div/div[2]/fieldset/div[2]/button</arg>
<arg>10</arg>
<doc>Waits until the element ``locator`` is visible.</doc>
<status status="PASS" starttime="20210503 16:51:04.804" endtime="20210503 16:51:05.057"/>
</kw>
<kw name="Input Text" library="SeleniumLibrary">
<arg>username</arg>
<arg>gamemaipak</arg>
<doc>Types the given ``text`` into the text field identified by ``locator``.</doc>
<msg timestamp="20210503 16:51:05.057" level="INFO">Typing text 'gamemaipak' into text field 'username'.</msg>
<status status="PASS" starttime="20210503 16:51:05.057" endtime="20210503 16:51:05.155"/>
</kw>
<kw name="Input Password" library="SeleniumLibrary">
<arg>password</arg>
<arg>Game9794</arg>
<doc>Types the given password into the text field identified by ``locator``.</doc>
<msg timestamp="20210503 16:51:05.155" level="INFO">Typing password into text field 'password'.</msg>
<msg timestamp="20210503 16:51:05.196" level="INFO">Temporally setting log level to: NONE</msg>
<msg timestamp="20210503 16:51:05.249" level="INFO">Log level changed from NONE to INFO.</msg>
<status status="PASS" starttime="20210503 16:51:05.155" endtime="20210503 16:51:05.249"/>
</kw>
<kw name="Click Button" library="SeleniumLibrary">
<arg>//*[@id="btn-login"]</arg>
<doc>Clicks the button identified by ``locator``.</doc>
<msg timestamp="20210503 16:51:05.250" level="INFO">Clicking button '//*[@id="btn-login"]'.</msg>
<status status="PASS" starttime="20210503 16:51:05.250" endtime="20210503 16:51:05.314"/>
</kw>
<kw name="Sleep" library="BuiltIn">
<arg>1s</arg>
<doc>Pauses the test executed for the given time.</doc>
<msg timestamp="20210503 16:51:06.325" level="INFO">Slept 1 second</msg>
<status status="PASS" starttime="20210503 16:51:05.314" endtime="20210503 16:51:06.325"/>
</kw>
<kw name="Click Image" library="SeleniumLibrary">
<arg>//*[@id="dropdown_menu_user"]/div/img</arg>
<doc>Clicks an image identified by ``locator``.</doc>
<msg timestamp="20210503 16:51:06.326" level="INFO">Clicking image '//*[@id="dropdown_menu_user"]/div/img'.</msg>
<status status="PASS" starttime="20210503 16:51:06.326" endtime="20210503 16:51:06.429"/>
</kw>
<kw name="Sleep" library="BuiltIn">
<arg>1s</arg>
<doc>Pauses the test executed for the given time.</doc>
<msg timestamp="20210503 16:51:07.442" level="INFO">Slept 1 second</msg>
<status status="PASS" starttime="20210503 16:51:06.429" endtime="20210503 16:51:07.442"/>
</kw>
<kw name="Click Link" library="SeleniumLibrary">
<arg>//*[@id="dropdown_menu_user_list"]/ul/li[13]/div[2]/a[7]</arg>
<doc>Clicks a link identified by ``locator``.</doc>
<msg timestamp="20210503 16:51:07.443" level="INFO">Clicking link '//*[@id="dropdown_menu_user_list"]/ul/li[13]/div[2]/a[7]'.</msg>
<status status="PASS" starttime="20210503 16:51:07.442" endtime="20210503 16:51:07.742"/>
</kw>
<kw name="Sleep" library="BuiltIn">
<arg>1s</arg>
<doc>Pauses the test executed for the given time.</doc>
<msg timestamp="20210503 16:51:08.748" level="INFO">Slept 1 second</msg>
<status status="PASS" starttime="20210503 16:51:07.743" endtime="20210503 16:51:08.748"/>
</kw>
<kw name="Page Should Contain" library="SeleniumLibrary">
<arg>No Rating</arg>
<doc>Verifies that current page contains ``text``.</doc>
<msg timestamp="20210503 16:51:08.765" level="INFO">Current page contains text 'No Rating'.</msg>
<status status="PASS" starttime="20210503 16:51:08.748" endtime="20210503 16:51:08.765"/>
</kw>
<kw name="Close Browser" library="SeleniumLibrary" type="TEARDOWN">
<doc>Closes the current browser.</doc>
<status status="PASS" starttime="20210503 16:51:08.766" endtime="20210503 16:51:10.946"/>
</kw>
<status status="PASS" starttime="20210503 16:51:01.302" endtime="20210503 16:51:10.947"/>
</test>
<status status="FAIL" starttime="20210503 16:50:43.822" endtime="20210503 16:51:10.949"/>
</suite>
<statistics>
<total>
<stat pass="2" fail="1" skip="0">All Tests</stat>
</total>
<tag>
</tag>
<suite>
<stat pass="2" fail="1" skip="0" id="s1" name="MEB Testing">MEB Testing</stat>
</suite>
</statistics>
<errors>
</errors>
</robot>
